[SUCCESS] providence -> reshmi.n@providence.org
[SUCCESS] astrome technologies pvt. ltd -> hiring@astrome.co
[SUCCESS] newton school -> syed.rahimuddin@newtonschool.co
[SUCCESS] haptik -> priya.agrawal.1@haptik.co
[SUCCESS] onecode.in -> hi@ocode.co
[SUCCESS] providence -> debashree.sen@providence.org
[SUCCESS] quess corp limited -> sanjay.singh@quesscorp.com
[SUCCESS] quicksell -> pratima.naik@quicksell.co
[SUCCESS] incedo technology -> isha.sanan@incedoinc.com
[SUCCESS] incedo technology -> ankita.bhaskar@incedoinc.com
[SUCCESS] incedo technology -> deepti.sharma1@incedoinc.com
[SUCCESS] incture technologies -> sampada.gupta@incture.com
[SUCCESS] incture technologies -> aditi.jha@incture.com
[SUCCESS] apisero inc -> aishwarya.yadav@apisero.co
[SUCCESS] gradeup -> preity.kaushayak@gradeup.co
[SUCCESS] pillow -> raj@hyperverge.co
[SUCCESS] volofin -> pragati.bohra@volofincorp.com
[SUCCESS] mfine -> sreekanth.nair@mfine.co
[SUCCESS] mfine -> pooja.mishra@mfine.co
[SUCCESS] alphasense -> knair@alpha-sense.org
[SUCCESS] famwork -> sridhar@famworkinc.com
[SUCCESS] maple softwares -> ghouse@maplesoftllc.com
[SUCCESS] masters union -> keerat.kaur@mastersunion.org
[SUCCESS] emeritus -> parul.bhardwaj@emeritus.org
[SUCCESS] geeksforgeeks -> surbhi.bisht@geeksforgeeks.org
[SUCCESS] elastic -> uttamkumar.sanghi@elastic.co
[SUCCESS] emeritus -> anshul.srivastava@emeritus.org
[SUCCESS] emeritus -> raina.mehta@emeritus.org
[SUCCESS] geeksforgeeks -> akrati.gupta@geeksforgeeks.org
[SUCCESS] sharechat -> sarah@sharechat.co
[SUCCESS] sharechat -> sandipani@sharechat.co
[SUCCESS] sharechat -> anil.k@sharechat.co
[SUCCESS] act fibernet -> jasshaswee.nandini@actcorp.in
[SUCCESS] cambay consulting -> saurav.singh@cambayllc.com
[SUCCESS] price labs -> prabhleen.kaur@pricelabs.co
[SUCCESS] price labs -> samridhi.sharma@pricelabs.co
[SUCCESS] jio platforms ltd -> rahul.sapkale@quesscorp.com
[SUCCESS] act fibernet -> udita.gupta@actcorp.in
[SUCCESS] urban company -> shalini.singh@urbancompany.com
[SUCCESS] wakefit -> shristi.pathak@wakefit.co
[SUCCESS] 314e it solutions pvt ltd -> anjali.pathak@314ecorp.com
[SUCCESS] 3geometre innovations pvt. ltd. -> sanjana.verma2013@sims.edu
[SUCCESS] axis my india limited -> alpanas@axismyindia.org
[SUCCESS] mathco -> pooja.parthasarathy@themathcompany.com
[SUCCESS] haptik -> sandeep@haptik.co
[SUCCESS] mfine -> anitha@mfine.co
[SUCCESS] the kraft heinz company -> kirti.dubey@kraftheinzcompany.com
[SUCCESS] trell -> sumit.rawat@trell.co
[SUCCESS] mckinley rice -> chhaya.dinkar@mckinleyrice.co
[SUCCESS] sophos -> ninap@gracecathedral.org
[SUCCESS] urban company -> shalinisingh@urbancompany.com
[SUCCESS] 314e corporation -> florence.cruz@314ecorp.com
[SUCCESS] accenture -> j.enoch.prabhaharan@accenture.co
[SUCCESS] enterprise solutions inc -> monika@enterprisesolutioninc.com
[SUCCESS] eteam -> syasmin@eteaminc.com
[SUCCESS] urban company -> manishakamriya@urbancompany.com
[SUCCESS] utopia global, inc. -> skalita@utopiainc.com
[SUCCESS] wakefit -> josephine.shirine@wakefit.co
[SUCCESS] aol -> mdmuthu.mdmuthu@corp.aol.com
[SUCCESS] wakefit -> umanath.nayak@wakefit.co
[SUCCESS] invoice cloud -> asangudhatla@invoicecloud.com
[SUCCESS] thorogood -> trupti_udyawar@yahoo.co.in
[SUCCESS] veritas technologies -> oshin.rao@cohesity.com
[SUCCESS] verloop.io -> gaurav@verloop.io
[SUCCESS] virtusa hyd -> vishrutid@virtusa.com
[SUCCESS] nucleusteq -> pratibha.khichariya@nucleusteq.com
[SUCCESS] oaknorth -> kripa.koushik@oaknorth.co.uk
[SUCCESS] opentext. -> araina2@opentext.com
[SUCCESS] paccar india -> amruta.soman@icertis.com
[SUCCESS] searce inc -> vishal.jarsania@searce.com
[SUCCESS] zensar technology
changed to cloudthat -> narendra.gannavarapu@zensar.com
[SUCCESS] impetus -> sanjays.negi@impetus.co.in
[SUCCESS] bentley systems -> rachana.suryawanshi@bentley.com
[SUCCESS] bentley systems -> aniksha.naik@bentley.com
[SUCCESS] bidgely -> reancy@bidgely.com
[SUCCESS] hackerearth -> divya@hackerearth.com
[SUCCESS] wiley-mthree -> mmuzzammil@wileyedge.com
[SUCCESS] zupee -> aksshay.malaviya@zupee.in
[SUCCESS] adobe -> himanshis@adobe.com
[SUCCESS] adobe -> harpkaur@adobe.com
[SUCCESS] gojek -> rahul.jain@gojek.com
[SUCCESS] goldman sachs -> powlomi.mukherjee@goldmansachs.com
[SUCCESS] goldman sachs -> raunak.chaudhary@gs.com
[SUCCESS] goldman sachs -> praveen.chennarapu@gs.com
[SUCCESS] reliance digital -> jiten.sharma@ril.com
[SUCCESS] agatsa software pvt. ltd. -> neha.rastogi@agatsa.com
[SUCCESS] aidash -> alyma.khan@aidash.com
[SUCCESS] airblack -> ritwika.mukherjee@airblack.com
[SUCCESS] airtel payments bank -> prabhu.nayak@airtelbank.com
[SUCCESS] allegis global solutions · full-time -> dkaramchandani@allegisgroup.com
[SUCCESS] altair -> gowri.c@siemens.com
[SUCCESS] altimetrik -> rajinder.natarajan@altimetrik.com
[SUCCESS] fis -> nilesh.devaraj@fisglobal.com
[SUCCESS] achnet technologies -> sushma.shetty@tescra.com
[SUCCESS] freshworks -> vignesh.vijayakumar@freshworks.com
[SUCCESS] g2 -> asahu@g2.com
[SUCCESS] games24x7 -> aditya.agnihotri@games24x7.com
[SUCCESS] asatkalpa consulting pvt ltd -> rahul@asatkalpa.com
[SUCCESS] fiftyfive technologies -> amit.lamba@fiftyfivetech.io
[SUCCESS] hitachi mgrm net ltd -> kamala.motarri@hitachimgrmnet.com
[SUCCESS] huntingcube recruitment solutions -> kamini@huntingcube.com
[SUCCESS] huntingcube recruitment solutions -> akanksha.upadhyay@huntingcube.com
[SUCCESS] aditya birla group -> aafrina.j@pepperfry.com
[SUCCESS] cgi -> supreet.panda@cgi.com
[SUCCESS] chargepoint technologies india pvt. ltd -> barinder.mukhi@chargepoint.com
[SUCCESS] credit suisse services (india) private limited -> snjy_nr@rediffmail.com
[SUCCESS] epph -> rishi.kumar@epph-erp.com
[SUCCESS] dishtv - bangalore -> callmeashutosh@yahoo.co.in
[SUCCESS] convegenius.ai -> shashank@convegenius.ai
[SUCCESS] data course -> soumya.leelaram@datacourse.com
[SUCCESS] nutanix -> puspinder.kaur@nutanix.com
[SUCCESS] xcelore -> prerna.singh@xcelore.com
[SUCCESS] ibm india -> cyriosta@in.ibm.com
[SUCCESS] idc technologies, inc. -> devapriya@idctechnologies.com
[SUCCESS] mavq -> shalini.padhy@mavq.com
[SUCCESS] mcafee -> sushmitha_b@mcafee.com
[SUCCESS] sigfig -> vaibhav.shinghal@sigfig.com
[SUCCESS] rtcamp -> aishwarya.chavan@rtcamp.com
[SUCCESS] rubrik, inc. -> balaji.sundaravadivel@rubrik.com
[SUCCESS] securekloud -> sinthya.alex@securekloud.com
[SUCCESS] senra tech pvt. ltd. -> anushree.gupta@senraco.com
[SUCCESS] cognext.ai -> sreeja.pillai@cognext.ai
[SUCCESS] inteliment -> mrunal.atre@inteliment.com
[SUCCESS] inteliment -> higher@inteliment.com
[SUCCESS] intellipaat -> raghavi@intellipaat.com
[SUCCESS] interactive brokers -> hcheri@interactivebrokers.com
[SUCCESS] interactive brokers -> shilpah@interactivebrokers.com
[SUCCESS] interrait -> subhasreer@interrait.com
[SUCCESS] ionidea -> sangeeta.tandon@ionidea.com
[SUCCESS] isprava & lohono -> sumith.sumithran@isprava.com
[SUCCESS] razorpay -> ashwin.narayan@razorpay.com
[SUCCESS] acquia -> sukriti.sinha@acquia.com
[SUCCESS] genozon -> neeraj.sharma@genzeon.com
[SUCCESS] ubisoft -> shweta.paladkar@ubisoft.com
[SUCCESS] western shipping -> hr@westernshipping.in
[SUCCESS] ge healthcare -> vishal.notiyal@gehealthcare.com
[SUCCESS] jodo -> aarunika.gaine@jodopay.com
[SUCCESS] jodo -> pavan.kumar@jodo.in
[SUCCESS] john deere -> abhijeet@deere.com
[SUCCESS] jp morgan chase & co. -> jaishree.bagul@jpmchase.com
[SUCCESS] jumio corporation -> pgarg@jumio.com
[SUCCESS] jumio corporation -> ashwani.pareek@jumio.com
[SUCCESS] knowlarity - cloud communications -> nitin.sharma@knowlarity.com
[SUCCESS] maple softwares -> hr@maple-software.com
[SUCCESS] milkbasket -> richa.kumar@milkbasket.com
[SUCCESS] milkbasket -> sourabh.taneja@milkbasket.com
[SUCCESS] mindtickle -> snehal.pawar@mindtickle.com
[SUCCESS] miniorange inc -> aditi@miniorange.com
[SUCCESS] mtx group -> surabhi.sukhija@mtxb2b.com
[SUCCESS] snithik technology -> sandeep@snithik.com
[SUCCESS] abb -> amarendra.gautam@social.abb
[SUCCESS] pocketfm -> ashish@pocketfm.com
[SUCCESS] praxis global alliance -> andrea.kallarakal@praxisga.com
[SUCCESS] times internet limited -> ashish.yadav@timesinternet.in
[SUCCESS] tower research capital -> dbahl@tower-research.com
[SUCCESS] ceremorphic, inc -> ajay.mantha@ceremorphic.com
[SUCCESS] cleartax india -> suparv.jain@staqu.com
[SUCCESS] cloud.in -> sonal@cloud.in
[SUCCESS] precitaste -> d.singh@interproductec.com
[SUCCESS] prodapt solutions -> amitkumar.p@prodapt.com
[SUCCESS] platforms ltd -> shikha.sharad@ril.com
[SUCCESS] yellow.ai -> niriksha.brar@yellow.ai
[SUCCESS] ubs -> mini.rajan@ubs.com
[SUCCESS] unisys india -> satish.gopalakrishna@in.unisys.com
[SUCCESS] grappus -> tanvi@grappus.com
[SUCCESS] maximl -> pankaj.pawan@maximl.com
[SUCCESS] opstree -> ashish.rao@opstree.com
[SUCCESS] stripe -> rkurian@stripe.com
[SUCCESS] teamlease services limited -> vagisha.singh@teamlease.com
[SUCCESS] docusign -> vijay.pawar@docusign.com
[SUCCESS] dubai based company.         (techgropse) -> roshnisarin@techgropse.com
[SUCCESS] dunnhumby -> neha.malhotra@dunnhumby.com
[SUCCESS] ebix inc -> kumar.sunny@ebix.com
[SUCCESS] ebizon netinfo pvt ltd -> hr@ebizondigital.com
[SUCCESS] honey well -> vivek.sharma@honeywell.com
[SUCCESS] nvidia -> abahrainwala@nvidia.com
[SUCCESS] valuelabs -> svangala@valuelabs.com
[SUCCESS] carbynetech -> aravind.chitturi@carbynetech.com
[SUCCESS] c-dac -> shwetap@cdac.in
[SUCCESS] payatu -> kushwah.akanksha@payatu.io
[SUCCESS] srijan technologies pvt ltd -> sarika.yadav@materialplus.io
[SUCCESS] aaronsoftech -> neelam@aaronsoftech.com
[SUCCESS] bookmyshow -> rohini.mukherjee@bookmyshow.com
[SUCCESS] newgen software -> anupama@newgensoft.com
[SUCCESS] newzera -> saloni@zangoh.com
[SUCCESS] tally solutions pvt ltd -> stella.thomas@tallysolutions.com
[SUCCESS] ring central -> sagar.ashok@ringcentral.com
[SUCCESS] ring central -> sagar.am@ringcentral.com
[SUCCESS] rivigo -> priya.phogat@rivigo.com
[SUCCESS] velotio technologies -> sweety.kumari@velotio.com
[SUCCESS] axio biosolutions. -> khevan.dave@axiobio.com
[SUCCESS] entropik tech -> roshan.benjamin@entropik.io
[SUCCESS] adobe -> kamran.r@adobe.com
[SUCCESS] episource(now called optum health india) -> ramesh.jayakumar@optum.com
[SUCCESS] ernst and young -> sachin.taklekar@in.ey.com
[SUCCESS] mettl -> diksha.sapra@sandhar.in
[SUCCESS] sonarconnecter -> kavitha.nl@synapsica.com
[SUCCESS] insight -> sakshi.ni@insight.com
[SUCCESS] insurancedekho -> prabhjot.kaur1@insurancedekho.com
[SUCCESS] itech ecommerce -> sjaiswal@itechecommerce.com
[SUCCESS] mishipay -> neethu@mishipay.com
[SUCCESS] mobily -> b.yathish@mobily.com.sa
[SUCCESS] model n india -> ksama@modeln.com
[SUCCESS] moengage inc -> swathi.vs@moengage.com
[SUCCESS] moglix -> mayank.jaitley@moglix.com
[SUCCESS] moglix -> jasleen.singh@moglix.com
[SUCCESS] moglix -> debapratim.bhattacharya@moglix.com
[SUCCESS] mongodb -> sakshi.gupta@mongodb.com
[SUCCESS] moschip -> madhav.motakadi@moschip.com
[SUCCESS] mountblue technologies -> anand@mountblue.io
[SUCCESS] mtx group -> priya.jain@mtxb2b.com
[SUCCESS] magicbricks -> vidushi.chugh@magicbricks.com
[SUCCESS] mcaffee -> keerthiraj_r@mcafee.com
